0 info it worked if it ends with ok
1 verbose cli [ '/usr/bin/node', '/usr/bin/npm', 'run', 'populate' ]
2 info using npm@3.5.2
3 info using node@v8.10.0
4 verbose run-script [ 'prepopulate', 'populate', 'postpopulate' ]
5 info lifecycle project_nodejs_and_devops@1.0.0~prepopulate: project_nodejs_and_devops@1.0.0
6 silly lifecycle project_nodejs_and_devops@1.0.0~prepopulate: no script for prepopulate, continuing
7 info lifecycle project_nodejs_and_devops@1.0.0~populate: project_nodejs_and_devops@1.0.0
8 verbose lifecycle project_nodejs_and_devops@1.0.0~populate: unsafe-perm in lifecycle true
9 verbose lifecycle project_nodejs_and_devops@1.0.0~populate: PATH: /usr/share/npm/bin/node-gyp-bin:/home/louis/Bureau/Cours/NodeJs/Projet-NodeJS-DevOps/node_modules/.bin:/usr/local/sbin:/usr/local/bin:/usr/sbin:/usr/bin:/sbin:/bin:/usr/games:/usr/local/games:/snap/bin
10 verbose lifecycle project_nodejs_and_devops@1.0.0~populate: CWD: /home/louis/Bureau/Cours/NodeJs/Projet-NodeJS-DevOps
11 silly lifecycle project_nodejs_and_devops@1.0.0~populate: Args: [ '-c', 'ts-node bin/populate.ts' ]
12 silly lifecycle project_nodejs_and_devops@1.0.0~populate: Returned: code: 7  signal: null
13 info lifecycle project_nodejs_and_devops@1.0.0~populate: Failed to exec populate script
14 verbose stack Error: project_nodejs_and_devops@1.0.0 populate: `ts-node bin/populate.ts`
14 verbose stack Exit status 7
14 verbose stack     at EventEmitter.<anonymous> (/usr/share/npm/lib/utils/lifecycle.js:232:16)
14 verbose stack     at emitTwo (events.js:126:13)
14 verbose stack     at EventEmitter.emit (events.js:214:7)
14 verbose stack     at ChildProcess.<anonymous> (/usr/share/npm/lib/utils/spawn.js:24:14)
14 verbose stack     at emitTwo (events.js:126:13)
14 verbose stack     at ChildProcess.emit (events.js:214:7)
14 verbose stack     at maybeClose (internal/child_process.js:925:16)
14 verbose stack     at Process.ChildProcess._handle.onexit (internal/child_process.js:209:5)
15 verbose pkgid project_nodejs_and_devops@1.0.0
16 verbose cwd /home/louis/Bureau/Cours/NodeJs/Projet-NodeJS-DevOps
17 error Linux 4.15.0-54-generic
18 error argv "/usr/bin/node" "/usr/bin/npm" "run" "populate"
19 error node v8.10.0
20 error npm  v3.5.2
21 error code ELIFECYCLE
22 error project_nodejs_and_devops@1.0.0 populate: `ts-node bin/populate.ts`
22 error Exit status 7
23 error Failed at the project_nodejs_and_devops@1.0.0 populate script 'ts-node bin/populate.ts'.
23 error Make sure you have the latest version of node.js and npm installed.
23 error If you do, this is most likely a problem with the project_nodejs_and_devops package,
23 error not with npm itself.
23 error Tell the author that this fails on your system:
23 error     ts-node bin/populate.ts
23 error You can get information on how to open an issue for this project with:
23 error     npm bugs project_nodejs_and_devops
23 error Or if that isn't available, you can get their info via:
23 error     npm owner ls project_nodejs_and_devops
23 error There is likely additional logging output above.
24 verbose exit [ 1, true ]
